# JRE version: OpenJDK Runtime Environment (8.0_242-b01) (build 1.8.0_242-release-1644-b01)
# Java VM: OpenJDK 64-Bit Server VM (25.242-b01 mixed mode windows-amd64 compressed oops)
Heap:
 PSYoungGen      total 642048K, used 285108K [0x00000000d5580000, 0x00000000ff980000, 0x0000000100000000)
  eden space 591872K, 45% used [0x00000000d5580000,0x00000000e5bd0170,0x00000000f9780000)
  from space 50176K, 32% used [0x00000000fc880000,0x00000000fd89d110,0x00000000ff980000)
  to   space 50176K, 0% used [0x00000000f9780000,0x00000000f9780000,0x00000000fc880000)
 ParOldGen       total 241152K, used 91280K [0x0000000080000000, 0x000000008eb80000, 0x00000000d5580000)
  object space 241152K, 37% used [0x0000000080000000,0x0000000085924220,0x000000008eb80000)
 Metaspace       used 118201K, capacity 125592K, committed 125736K, reserved 1159168K
  class space    used 15065K, capacity 16386K, committed 16432K, reserved 1048576K
GC Heap History (10 events):
Event: 6898.079 GC heap before
{Heap before GC invocations=32 (full 4):
 PSYoungGen      total 640000K, used 594508K [0x00000000d5580000, 0x00000000fff00000, 0x0000000100000000)
  eden space 583680K, 100% used [0x00000000d5580000,0x00000000f8f80000,0x00000000f8f80000)
  from space 56320K, 19% used [0x00000000f8f80000,0x00000000f9a131c8,0x00000000fc680000)
  to   space 56320K, 0% used [0x00000000fc800000,0x00000000fc800000,0x00000000fff00000)
 ParOldGen       total 241152K, used 77332K [0x0000000080000000, 0x000000008eb80000, 0x00000000d5580000)
  object space 241152K, 32% used [0x0000000080000000,0x0000000084b853e8,0x000000008eb80000)
 Metaspace       used 111542K, capacity 117740K, committed 117928K, reserved 1150976K
  class space    used 14343K, capacity 15487K, committed 15536K, reserved 1048576K
Event: 6898.113 GC heap after
Heap after GC invocations=32 (full 4):
 PSYoungGen      total 641536K, used 9987K [0x00000000d5580000, 0x0000000100000000, 0x0000000100000000)
  eden space 585216K, 0% used [0x00000000d5580000,0x00000000d5580000,0x00000000f9100000)
  from space 56320K, 17% used [0x00000000fc800000,0x00000000fd1c0c68,0x00000000fff00000)
  to   space 56320K, 0% used [0x00000000f9100000,0x00000000f9100000,0x00000000fc800000)
 ParOldGen       total 241152K, used 77500K [0x0000000080000000, 0x000000008eb80000, 0x00000000d5580000)
  object space 241152K, 32% used [0x0000000080000000,0x0000000084baf3e8,0x000000008eb80000)
 Metaspace       used 111542K, capacity 117740K, committed 117928K, reserved 1150976K
  class space    used 14343K, capacity 15487K, committed 15536K, reserved 1048576K
}
Event: 6899.558 GC heap before
{Heap before GC invocations=33 (full 4):
 PSYoungGen      total 641536K, used 595203K [0x00000000d5580000, 0x0000000100000000, 0x0000000100000000)
  eden space 585216K, 100% used [0x00000000d5580000,0x00000000f9100000,0x00000000f9100000)
  from space 56320K, 17% used [0x00000000fc800000,0x00000000fd1c0c68,0x00000000fff00000)
  to   space 56320K, 0% used [0x00000000f9100000,0x00000000f9100000,0x00000000fc800000)
 ParOldGen       total 241152K, used 77500K [0x0000000080000000, 0x000000008eb80000, 0x00000000d5580000)
  object space 241152K, 32% used [0x0000000080000000,0x0000000084baf3e8,0x000000008eb80000)
 Metaspace       used 111649K, capacity 117880K, committed 117928K, reserved 1150976K
  class space    used 14349K, capacity 15499K, committed 15536K, reserved 1048576K
Event: 6899.583 GC heap after
Heap after GC invocations=33 (full 4):
 PSYoungGen      total 604160K, used 18793K [0x00000000d5580000, 0x00000000ffc00000, 0x0000000100000000)
  eden space 585216K, 0% used [0x00000000d5580000,0x00000000d5580000,0x00000000f9100000)
  from space 18944K, 99% used [0x00000000f9100000,0x00000000fa35a658,0x00000000fa380000)
  to   space 54272K, 0% used [0x00000000fc700000,0x00000000fc700000,0x00000000ffc00000)
 ParOldGen       total 241152K, used 77588K [0x0000000080000000, 0x000000008eb80000, 0x00000000d5580000)
  object space 241152K, 32% used [0x0000000080000000,0x0000000084bc53e8,0x000000008eb80000)
 Metaspace       used 111649K, capacity 117880K, committed 117928K, reserved 1150976K
  class space    used 14349K, capacity 15499K, committed 15536K, reserved 1048576K
}
Event: 6901.128 GC heap before
{Heap before GC invocations=34 (full 4):
 PSYoungGen      total 604160K, used 604009K [0x00000000d5580000, 0x00000000ffc00000, 0x0000000100000000)
  eden space 585216K, 100% used [0x00000000d5580000,0x00000000f9100000,0x00000000f9100000)
  from space 18944K, 99% used [0x00000000f9100000,0x00000000fa35a658,0x00000000fa380000)
  to   space 54272K, 0% used [0x00000000fc700000,0x00000000fc700000,0x00000000ffc00000)
 ParOldGen       total 241152K, used 77588K [0x0000000080000000, 0x000000008eb80000, 0x00000000d5580000)
  object space 241152K, 32% used [0x0000000080000000,0x0000000084bc53e8,0x000000008eb80000)
 Metaspace       used 111751K, capacity 117950K, committed 118184K, reserved 1153024K
  class space    used 14350K, capacity 15500K, committed 15536K, reserved 1048576K
Event: 6901.264 GC heap after
Heap after GC invocations=34 (full 4):
 PSYoungGen      total 640000K, used 2993K [0x00000000d5580000, 0x0000000100000000, 0x0000000100000000)
  eden space 585728K, 0% used [0x00000000d5580000,0x00000000d5580000,0x00000000f9180000)
  from space 54272K, 5% used [0x00000000fc700000,0x00000000fc9ec5c8,0x00000000ffc00000)
  to   space 54784K, 0% used [0x00000000f9180000,0x00000000f9180000,0x00000000fc700000)
 ParOldGen       total 241152K, used 87066K [0x0000000080000000, 0x000000008eb80000, 0x00000000d5580000)
  object space 241152K, 36% used [0x0000000080000000,0x0000000085506a28,0x000000008eb80000)
 Metaspace       used 111751K, capacity 117950K, committed 118184K, reserved 1153024K
  class space    used 14350K, capacity 15500K, committed 15536K, reserved 1048576K
}
Event: 8197.060 GC heap before
{Heap before GC invocations=35 (full 4):
 PSYoungGen      total 640000K, used 588721K [0x00000000d5580000, 0x0000000100000000, 0x0000000100000000)
  eden space 585728K, 100% used [0x00000000d5580000,0x00000000f9180000,0x00000000f9180000)
  from space 54272K, 5% used [0x00000000fc700000,0x00000000fc9ec5c8,0x00000000ffc00000)
  to   space 54784K, 0% used [0x00000000f9180000,0x00000000f9180000,0x00000000fc700000)
 ParOldGen       total 241152K, used 87066K [0x0000000080000000, 0x000000008eb80000, 0x00000000d5580000)
  object space 241152K, 36% used [0x0000000080000000,0x0000000085506a28,0x000000008eb80000)
 Metaspace       used 114726K, capacity 121518K, committed 121768K, reserved 1155072K
  class space    used 14708K, capacity 15929K, committed 16048K, reserved 1048576K
Event: 8197.081 GC heap after
Heap after GC invocations=35 (full 4):
 PSYoungGen      total 640512K, used 17265K [0x00000000d5580000, 0x00000000ffb80000, 0x0000000100000000)
  eden space 585728K, 0% used [0x00000000d5580000,0x00000000d5580000,0x00000000f9180000)
  from space 54784K, 31% used [0x00000000f9180000,0x00000000fa25c7e0,0x00000000fc700000)
  to   space 52224K, 0% used [0x00000000fc880000,0x00000000fc880000,0x00000000ffb80000)
 ParOldGen       total 241152K, used 87776K [0x0000000080000000, 0x000000008eb80000, 0x00000000d5580000)
  object space 241152K, 36% used [0x0000000080000000,0x00000000855b8378,0x000000008eb80000)
 Metaspace       used 114726K, capacity 121518K, committed 121768K, reserved 1155072K
  class space    used 14708K, capacity 15929K, committed 16048K, reserved 1048576K
}
Event: 10886.693 GC heap before
{Heap before GC invocations=36 (full 4):
 PSYoungGen      total 640512K, used 602993K [0x00000000d5580000, 0x00000000ffb80000, 0x0000000100000000)
  eden space 585728K, 100% used [0x00000000d5580000,0x00000000f9180000,0x00000000f9180000)
  from space 54784K, 31% used [0x00000000f9180000,0x00000000fa25c7e0,0x00000000fc700000)
  to   space 52224K, 0% used [0x00000000fc880000,0x00000000fc880000,0x00000000ffb80000)
 ParOldGen       total 241152K, used 87776K [0x0000000080000000, 0x000000008eb80000, 0x00000000d5580000)
  object space 241152K, 36% used [0x0000000080000000,0x00000000855b8378,0x000000008eb80000)
 Metaspace       used 117985K, capacity 125194K, committed 125480K, reserved 1159168K
  class space    used 15050K, capacity 16363K, committed 16432K, reserved 1048576K
Event: 10886.842 GC heap after
Heap after GC invocations=36 (full 4):
 PSYoungGen      total 642048K, used 16500K [0x00000000d5580000, 0x00000000ff980000, 0x0000000100000000)
  eden space 591872K, 0% used [0x00000000d5580000,0x00000000d5580000,0x00000000f9780000)
  from space 50176K, 32% used [0x00000000fc880000,0x00000000fd89d110,0x00000000ff980000)
  to   space 50176K, 0% used [0x00000000f9780000,0x00000000f9780000,0x00000000fc880000)
 ParOldGen       total 241152K, used 91280K [0x0000000080000000, 0x000000008eb80000, 0x00000000d5580000)
  object space 241152K, 37% used [0x0000000080000000,0x0000000085924220,0x000000008eb80000)
 Metaspace       used 117985K, capacity 125194K, committed 125480K, reserved 1159168K
  class space    used 15050K, capacity 16363K, committed 16432K, reserved 1048576K
}

