# JRE version: OpenJDK Runtime Environment (8.0_242-b01) (build 1.8.0_242-release-1644-b01)
# Java VM: OpenJDK 64-Bit Server VM (25.242-b01 mixed mode windows-amd64 compressed oops)
Heap:
 PSYoungGen      total 560640K, used 136844K [0x00000000d5580000, 0x00000000ff400000, 0x0000000100000000)
  eden space 513536K, 21% used [0x00000000d5580000,0x00000000dc28d340,0x00000000f4b00000)
  from space 47104K, 53% used [0x00000000f4b00000,0x00000000f6395e38,0x00000000f7900000)
  to   space 46080K, 0% used [0x00000000fc700000,0x00000000fc700000,0x00000000ff400000)
 ParOldGen       total 284672K, used 118289K [0x0000000080000000, 0x0000000091600000, 0x00000000d5580000)
  object space 284672K, 41% used [0x0000000080000000,0x0000000087384410,0x0000000091600000)
 Metaspace       used 149917K, capacity 157162K, committed 157232K, reserved 1185792K
  class space    used 19361K, capacity 20770K, committed 20784K, reserved 1048576K
GC Heap History (10 events):
Event: 836.542 GC heap before
{Heap before GC invocations=21 (full 4):
 PSYoungGen      total 425472K, used 424000K [0x00000000d5580000, 0x00000000f2000000, 0x0000000100000000)
  eden space 390656K, 100% used [0x00000000d5580000,0x00000000ed300000,0x00000000ed300000)
  from space 34816K, 95% used [0x00000000efd00000,0x00000000f1d90398,0x00000000f1f00000)
  to   space 39424K, 0% used [0x00000000ed300000,0x00000000ed300000,0x00000000ef980000)
 ParOldGen       total 284672K, used 83143K [0x0000000080000000, 0x0000000091600000, 0x00000000d5580000)
  object space 284672K, 29% used [0x0000000080000000,0x0000000085131e20,0x0000000091600000)
 Metaspace       used 127247K, capacity 133248K, committed 133552K, reserved 1165312K
  class space    used 16526K, capacity 17721K, committed 17840K, reserved 1048576K
Event: 836.595 GC heap after
Heap after GC invocations=21 (full 4):
 PSYoungGen      total 430080K, used 10367K [0x00000000d5580000, 0x00000000f6500000, 0x0000000100000000)
  eden space 390656K, 0% used [0x00000000d5580000,0x00000000d5580000,0x00000000ed300000)
  from space 39424K, 26% used [0x00000000ed300000,0x00000000edd1fc38,0x00000000ef980000)
  to   space 38400K, 0% used [0x00000000f3f80000,0x00000000f3f80000,0x00000000f6500000)
 ParOldGen       total 284672K, used 100358K [0x0000000080000000, 0x0000000091600000, 0x00000000d5580000)
  object space 284672K, 35% used [0x0000000080000000,0x0000000086201b48,0x0000000091600000)
 Metaspace       used 127247K, capacity 133248K, committed 133552K, reserved 1165312K
  class space    used 16526K, capacity 17721K, committed 17840K, reserved 1048576K
}
Event: 846.984 GC heap before
{Heap before GC invocations=22 (full 4):
 PSYoungGen      total 430080K, used 401023K [0x00000000d5580000, 0x00000000f6500000, 0x0000000100000000)
  eden space 390656K, 100% used [0x00000000d5580000,0x00000000ed300000,0x00000000ed300000)
  from space 39424K, 26% used [0x00000000ed300000,0x00000000edd1fc38,0x00000000ef980000)
  to   space 38400K, 0% used [0x00000000f3f80000,0x00000000f3f80000,0x00000000f6500000)
 ParOldGen       total 284672K, used 100358K [0x0000000080000000, 0x0000000091600000, 0x00000000d5580000)
  object space 284672K, 35% used [0x0000000080000000,0x0000000086201b48,0x0000000091600000)
 Metaspace       used 134353K, capacity 140510K, committed 140720K, reserved 1171456K
  class space    used 17327K, capacity 18556K, committed 18608K, reserved 1048576K
Event: 847.017 GC heap after
Heap after GC invocations=22 (full 4):
 PSYoungGen      total 484352K, used 23687K [0x00000000d5580000, 0x00000000f5d00000, 0x0000000100000000)
  eden space 454144K, 0% used [0x00000000d5580000,0x00000000d5580000,0x00000000f1100000)
  from space 30208K, 78% used [0x00000000f3f80000,0x00000000f56a1ee8,0x00000000f5d00000)
  to   space 38912K, 0% used [0x00000000f1100000,0x00000000f1100000,0x00000000f3700000)
 ParOldGen       total 284672K, used 100374K [0x0000000080000000, 0x0000000091600000, 0x00000000d5580000)
  object space 284672K, 35% used [0x0000000080000000,0x0000000086205b48,0x0000000091600000)
 Metaspace       used 134353K, capacity 140510K, committed 140720K, reserved 1171456K
  class space    used 17327K, capacity 18556K, committed 18608K, reserved 1048576K
}
Event: 854.874 GC heap before
{Heap before GC invocations=23 (full 4):
 PSYoungGen      total 484352K, used 477831K [0x00000000d5580000, 0x00000000f5d00000, 0x0000000100000000)
  eden space 454144K, 100% used [0x00000000d5580000,0x00000000f1100000,0x00000000f1100000)
  from space 30208K, 78% used [0x00000000f3f80000,0x00000000f56a1ee8,0x00000000f5d00000)
  to   space 38912K, 0% used [0x00000000f1100000,0x00000000f1100000,0x00000000f3700000)
 ParOldGen       total 284672K, used 100374K [0x0000000080000000, 0x0000000091600000, 0x00000000d5580000)
  object space 284672K, 35% used [0x0000000080000000,0x0000000086205b90,0x0000000091600000)
 Metaspace       used 140032K, capacity 146266K, committed 146352K, reserved 1175552K
  class space    used 18043K, capacity 19318K, committed 19376K, reserved 1048576K
Event: 854.925 GC heap after
Heap after GC invocations=23 (full 4):
 PSYoungGen      total 493056K, used 28349K [0x00000000d5580000, 0x00000000fa080000, 0x0000000100000000)
  eden space 454144K, 0% used [0x00000000d5580000,0x00000000d5580000,0x00000000f1100000)
  from space 38912K, 72% used [0x00000000f1100000,0x00000000f2caf740,0x00000000f3700000)
  to   space 40448K, 0% used [0x00000000f7900000,0x00000000f7900000,0x00000000fa080000)
 ParOldGen       total 284672K, used 100382K [0x0000000080000000, 0x0000000091600000, 0x00000000d5580000)
  object space 284672K, 35% used [0x0000000080000000,0x0000000086207b90,0x0000000091600000)
 Metaspace       used 140032K, capacity 146266K, committed 146352K, reserved 1175552K
  class space    used 18043K, capacity 19318K, committed 19376K, reserved 1048576K
}
Event: 865.038 GC heap before
{Heap before GC invocations=24 (full 4):
 PSYoungGen      total 493056K, used 482493K [0x00000000d5580000, 0x00000000fa080000, 0x0000000100000000)
  eden space 454144K, 100% used [0x00000000d5580000,0x00000000f1100000,0x00000000f1100000)
  from space 38912K, 72% used [0x00000000f1100000,0x00000000f2caf740,0x00000000f3700000)
  to   space 40448K, 0% used [0x00000000f7900000,0x00000000f7900000,0x00000000fa080000)
 ParOldGen       total 284672K, used 100384K [0x0000000080000000, 0x0000000091600000, 0x00000000d5580000)
  object space 284672K, 35% used [0x0000000080000000,0x0000000086208340,0x0000000091600000)
 Metaspace       used 149687K, capacity 156982K, committed 157232K, reserved 1185792K
  class space    used 19348K, capacity 20764K, committed 20784K, reserved 1048576K
Event: 865.124 GC heap after
Heap after GC invocations=24 (full 4):
 PSYoungGen      total 553984K, used 40420K [0x00000000d5580000, 0x00000000fa900000, 0x0000000100000000)
  eden space 513536K, 0% used [0x00000000d5580000,0x00000000d5580000,0x00000000f4b00000)
  from space 40448K, 99% used [0x00000000f7900000,0x00000000fa079128,0x00000000fa080000)
  to   space 47104K, 0% used [0x00000000f4b00000,0x00000000f4b00000,0x00000000f7900000)
 ParOldGen       total 284672K, used 102275K [0x0000000080000000, 0x0000000091600000, 0x00000000d5580000)
  object space 284672K, 35% used [0x0000000080000000,0x00000000863e0f58,0x0000000091600000)
 Metaspace       used 149687K, capacity 156982K, committed 157232K, reserved 1185792K
  class space    used 19348K, capacity 20764K, committed 20784K, reserved 1048576K
}
Event: 867.662 GC heap before
{Heap before GC invocations=25 (full 4):
 PSYoungGen      total 553984K, used 553956K [0x00000000d5580000, 0x00000000fa900000, 0x0000000100000000)
  eden space 513536K, 100% used [0x00000000d5580000,0x00000000f4b00000,0x00000000f4b00000)
  from space 40448K, 99% used [0x00000000f7900000,0x00000000fa079128,0x00000000fa080000)
  to   space 47104K, 0% used [0x00000000f4b00000,0x00000000f4b00000,0x00000000f7900000)
 ParOldGen       total 284672K, used 102278K [0x0000000080000000, 0x0000000091600000, 0x00000000d5580000)
  object space 284672K, 35% used [0x0000000080000000,0x00000000863e1918,0x0000000091600000)
 Metaspace       used 149900K, capacity 157152K, committed 157232K, reserved 1185792K
  class space    used 19361K, capacity 20769K, committed 20784K, reserved 1048576K
Event: 867.735 GC heap after
Heap after GC invocations=25 (full 4):
 PSYoungGen      total 560640K, used 25175K [0x00000000d5580000, 0x00000000ff400000, 0x0000000100000000)
  eden space 513536K, 0% used [0x00000000d5580000,0x00000000d5580000,0x00000000f4b00000)
  from space 47104K, 53% used [0x00000000f4b00000,0x00000000f6395e38,0x00000000f7900000)
  to   space 46080K, 0% used [0x00000000fc700000,0x00000000fc700000,0x00000000ff400000)
 ParOldGen       total 284672K, used 118289K [0x0000000080000000, 0x0000000091600000, 0x00000000d5580000)
  object space 284672K, 41% used [0x0000000080000000,0x0000000087384410,0x0000000091600000)
 Metaspace       used 149900K, capacity 157152K, committed 157232K, reserved 1185792K
  class space    used 19361K, capacity 20769K, committed 20784K, reserved 1048576K
}

